2020-03-05 22:52:55.637  INFO 4464 --- [restartedMain] org.com.hrq.Application                  : Starting Application on PC-20190114FSWT with PID 4464 (E:\java_workspace\HF\target\classes started by Administrator in E:\java_workspace\HF)
2020-03-05 22:52:55.640  INFO 4464 --- [restartedMain] org.com.hrq.Application                  : No active profile set, falling back to default profiles: default
2020-03-05 22:52:55.882  INFO 4464 --- [restartedMain] ConfigServletWebServerApplicationContext : Refreshing org.springframework.boot.web.servlet.context.AnnotationConfigServletWebServerApplicationContext@749e6030: startup date [Thu Mar 05 22:52:55 CST 2020]; root of context hierarchy
2020-03-05 22:52:57.301  INFO 4464 --- [restartedMain] o.s.b.f.s.DefaultListableBeanFactory     : Overriding bean definition for bean 'securityInterceptor' with a different definition: replacing [Generic bean: class [org.com.hrq.Interceptor.SecurityInterceptor]; scope=singleton; abstract=false; lazyInit=false; autowireMode=0; dependencyCheck=0; autowireCandidate=true; primary=false; factoryBeanName=null; factoryMethodName=null; initMethodName=null; destroyMethodName=null; defined in file [E:\java_workspace\HF\target\classes\org\com\hrq\Interceptor\SecurityInterceptor.class]] with [Root bean: class [null]; scope=; abstract=false; lazyInit=false; autowireMode=3; dependencyCheck=0; autowireCandidate=true; primary=false; factoryBeanName=mvcConfig; factoryMethodName=securityInterceptor; initMethodName=null; destroyMethodName=(inferred); defined in class path resource [org/com/hrq/config/MvcConfig.class]]
2020-03-05 22:52:57.327  WARN 4464 --- [restartedMain] o.m.s.mapper.ClassPathMapperScanner      : No MyBatis mapper was found in '[com.example.sens.mapper*]' package. Please check your configuration.
2020-03-05 22:53:00.372  INFO 4464 --- [restartedMain] org.xnio                                 : XNIO version 3.3.8.Final
2020-03-05 22:53:00.406  INFO 4464 --- [restartedMain] org.xnio.nio                             : XNIO NIO Implementation Version 3.3.8.Final
2020-03-05 22:53:00.564  WARN 4464 --- [restartedMain] io.undertow.websockets.jsr               : UT026009: XNIO worker was not set on WebSocketDeploymentInfo, the default worker will be used
2020-03-05 22:53:00.565  WARN 4464 --- [restartedMain] io.undertow.websockets.jsr               : UT026010: Buffer pool was not set on WebSocketDeploymentInfo, the default pool will be used
2020-03-05 22:53:00.615  INFO 4464 --- [restartedMain] io.undertow.servlet                      : Initializing Spring embedded WebApplicationContext
2020-03-05 22:53:00.616  INFO 4464 --- [restartedMain] o.s.web.context.ContextLoader            : Root WebApplicationContext: initialization completed in 4734 ms
2020-03-05 22:53:00.762  INFO 4464 --- [restartedMain] o.s.b.w.servlet.ServletRegistrationBean  : Servlet dispatcherServlet mapped to [/]
2020-03-05 22:53:00.771  INFO 4464 --- [restartedMain] o.s.b.w.servlet.ServletRegistrationBean  : Servlet statViewServlet mapped to [/druid/*]
2020-03-05 22:53:00.780  INFO 4464 --- [restartedMain] o.s.b.w.servlet.FilterRegistrationBean   : Mapping filter: 'characterEncodingFilter' to: [/*]
2020-03-05 22:53:00.795  INFO 4464 --- [restartedMain] o.s.b.w.servlet.FilterRegistrationBean   : Mapping filter: 'webStatFilter' to urls: [/*]
2020-03-05 22:53:01.228  INFO 4464 --- [restartedMain] c.a.d.s.b.a.DruidDataSourceAutoConfigure : Init DruidDataSource
2020-03-05 22:53:01.627  INFO 4464 --- [restartedMain] com.alibaba.druid.pool.DruidDataSource   : {dataSource-1} inited
2020-03-05 22:53:03.961  INFO 4464 --- [restartedMain] s.w.s.m.m.a.RequestMappingHandlerMapping : Mapped "{[/api/board/totalCapacity],methods=[GET]}" onto public org.com.hrq.utils.Response org.com.hrq.controller.board.BoardController.capacity()
2020-03-05 22:53:03.964  INFO 4464 --- [restartedMain] s.w.s.m.m.a.RequestMappingHandlerMapping : Mapped "{[/api/board/deviceStatus],methods=[GET]}" onto public org.com.hrq.utils.Response org.com.hrq.controller.board.BoardController.deviceStatus()
2020-03-05 22:53:03.966  INFO 4464 --- [restartedMain] s.w.s.m.m.a.RequestMappingHandlerMapping : Mapped "{[/api/board/monthCapacity],methods=[GET]}" onto public org.com.hrq.utils.Response org.com.hrq.controller.board.BoardController.monthCapacity()
2020-03-05 22:53:03.967  INFO 4464 --- [restartedMain] s.w.s.m.m.a.RequestMappingHandlerMapping : Mapped "{[/api/board/deviceHours],methods=[GET]}" onto public org.com.hrq.utils.Response org.com.hrq.controller.board.BoardController.deviceHours()
2020-03-05 22:53:03.968  INFO 4464 --- [restartedMain] s.w.s.m.m.a.RequestMappingHandlerMapping : Mapped "{[/api/board/dailyWork],methods=[GET]}" onto public org.com.hrq.utils.Response org.com.hrq.controller.board.BoardController.dailyWork()
2020-03-05 22:53:03.969  INFO 4464 --- [restartedMain] s.w.s.m.m.a.RequestMappingHandlerMapping : Mapped "{[/api/board/videoList],methods=[GET]}" onto public org.com.hrq.utils.Response org.com.hrq.controller.board.BoardController.videoList()
2020-03-05 22:53:03.971  INFO 4464 --- [restartedMain] s.w.s.m.m.a.RequestMappingHandlerMapping : Mapped "{[],methods=[GET]}" onto public java.lang.String org.com.hrq.controller.MainController.index()
2020-03-05 22:53:03.981  INFO 4464 --- [restartedMain] s.w.s.m.m.a.RequestMappingHandlerMapping : Mapped "{[/api/message/clear],methods=[POST]}" onto public org.com.hrq.utils.Response<java.lang.Boolean> org.com.hrq.controller.MessageController.clear(javax.servlet.http.HttpSession)
2020-03-05 22:53:03.982  INFO 4464 --- [restartedMain] s.w.s.m.m.a.RequestMappingHandlerMapping : Mapped "{[/api/message/delete],methods=[POST]}" onto public org.com.hrq.utils.Response<java.lang.Boolean> org.com.hrq.controller.MessageController.delete(java.lang.Long,javax.servlet.http.HttpSession)
2020-03-05 22:53:03.983  INFO 4464 --- [restartedMain] s.w.s.m.m.a.RequestMappingHandlerMapping : Mapped "{[/api/message/updateStatus],methods=[POST]}" onto public org.com.hrq.utils.Response<java.lang.Boolean> org.com.hrq.controller.MessageController.delete(java.lang.Long,java.lang.String,javax.servlet.http.HttpSession)
2020-03-05 22:53:03.984  INFO 4464 --- [restartedMain] s.w.s.m.m.a.RequestMappingHandlerMapping : Mapped "{[/api/message/paging],methods=[GET]}" onto public org.com.hrq.utils.Response<java.util.List<org.com.hrq.entity.Message>> org.com.hrq.controller.MessageController.paging(java.lang.Integer,java.lang.Integer,java.lang.String,javax.servlet.http.HttpSession)
2020-03-05 22:53:03.986  INFO 4464 --- [restartedMain] s.w.s.m.m.a.RequestMappingHandlerMapping : Mapped "{[/api/message/batchRead],methods=[POST]}" onto public org.com.hrq.utils.Response<java.lang.Boolean> org.com.hrq.controller.MessageController.batchRead(javax.servlet.http.HttpSession)
2020-03-05 22:53:03.987  INFO 4464 --- [restartedMain] s.w.s.m.m.a.RequestMappingHandlerMapping : Mapped "{[/api/message/unread],methods=[GET]}" onto public org.com.hrq.utils.Response<java.lang.Integer> org.com.hrq.controller.MessageController.getUnReadSize(javax.servlet.http.HttpSession)
2020-03-05 22:53:03.995  INFO 4464 --- [restartedMain] s.w.s.m.m.a.RequestMappingHandlerMapping : Mapped "{[/api/server/delete],methods=[POST]}" onto public org.com.hrq.utils.Response<java.lang.Boolean> org.com.hrq.controller.ServerController.delete(java.lang.Long,javax.servlet.http.HttpSession)
2020-03-05 22:53:03.996  INFO 4464 --- [restartedMain] s.w.s.m.m.a.RequestMappingHandlerMapping : Mapped "{[/api/server/batchRemove],methods=[POST]}" onto public org.com.hrq.utils.Response<java.lang.Boolean> org.com.hrq.controller.ServerController.batchRemove(java.lang.String,javax.servlet.http.HttpSession)
2020-03-05 22:53:03.997  INFO 4464 --- [restartedMain] s.w.s.m.m.a.RequestMappingHandlerMapping : Mapped "{[/api/server/paging],methods=[GET]}" onto public org.com.hrq.utils.Response<com.baomidou.mybatisplus.plugins.Page<org.com.hrq.entity.Server>> org.com.hrq.controller.ServerController.paging(java.lang.Integer,java.lang.Integer,java.lang.String,java.lang.String)
2020-03-05 22:53:03.998  INFO 4464 --- [restartedMain] s.w.s.m.m.a.RequestMappingHandlerMapping : Mapped "{[/api/server/apply],methods=[POST]}" onto public org.com.hrq.utils.Response org.com.hrq.controller.ServerController.applyServer(org.com.hrq.entity.Server,javax.servlet.http.HttpSession)
2020-03-05 22:53:03.998  INFO 4464 --- [restartedMain] s.w.s.m.m.a.RequestMappingHandlerMapping : Mapped "{[/api/server/release],methods=[POST]}" onto public org.com.hrq.utils.Response org.com.hrq.controller.ServerController.releaseServer(java.lang.Long)
2020-03-05 22:53:03.999  INFO 4464 --- [restartedMain] s.w.s.m.m.a.RequestMappingHandlerMapping : Mapped "{[/api/server/create],methods=[POST]}" onto public org.com.hrq.utils.Response org.com.hrq.controller.ServerController.createServer(org.com.hrq.entity.Server,javax.servlet.http.HttpSession)
2020-03-05 22:53:04.002  INFO 4464 --- [restartedMain] s.w.s.m.m.a.RequestMappingHandlerMapping : Mapped "{[/api/menu/paging],methods=[GET]}" onto public org.com.hrq.utils.Response<com.baomidou.mybatisplus.plugins.Page<org.com.hrq.entity.sys.menu.Menu>> org.com.hrq.controller.sys.menu.MenuController.paging(org.com.hrq.req.sys.menu.MenuReq)
2020-03-05 22:53:04.003  INFO 4464 --- [restartedMain] s.w.s.m.m.a.RequestMappingHandlerMapping : Mapped "{[/api/menu/deleteMenu],methods=[POST]}" onto public org.com.hrq.utils.Response org.com.hrq.controller.sys.menu.MenuController.deleteMenu(org.com.hrq.req.sys.menu.MenuReq)
2020-03-05 22:53:04.004  INFO 4464 --- [restartedMain] s.w.s.m.m.a.RequestMappingHandlerMapping : Mapped "{[/api/menu/updateMenu],methods=[POST]}" onto public org.com.hrq.utils.Response org.com.hrq.controller.sys.menu.MenuController.updateMenu(org.com.hrq.entity.sys.menu.Menu)
2020-03-05 22:53:04.005  INFO 4464 --- [restartedMain] s.w.s.m.m.a.RequestMappingHandlerMapping : Mapped "{[/api/menu/addMenu],methods=[POST]}" onto public org.com.hrq.utils.Response org.com.hrq.controller.sys.menu.MenuController.addMenu(org.com.hrq.entity.sys.menu.Menu)
2020-03-05 22:53:04.009  INFO 4464 --- [restartedMain] s.w.s.m.m.a.RequestMappingHandlerMapping : Mapped "{[/api/privilege/paging],methods=[GET]}" onto public org.com.hrq.utils.Response<com.baomidou.mybatisplus.plugins.Page<org.com.hrq.entity.sys.privilege.Privilege>> org.com.hrq.controller.sys.privilege.PrivilegeController.paging(org.com.hrq.req.sys.privilege.PrivilegeReq)
2020-03-05 22:53:04.009  INFO 4464 --- [restartedMain] s.w.s.m.m.a.RequestMappingHandlerMapping : Mapped "{[/api/privilege/updatePrivilege],methods=[POST]}" onto public org.com.hrq.utils.Response org.com.hrq.controller.sys.privilege.PrivilegeController.updatePrivilege(org.com.hrq.entity.sys.privilege.Privilege)
2020-03-05 22:53:04.010  INFO 4464 --- [restartedMain] s.w.s.m.m.a.RequestMappingHandlerMapping : Mapped "{[/api/privilege/addPrivilege],methods=[POST]}" onto public org.com.hrq.utils.Response org.com.hrq.controller.sys.privilege.PrivilegeController.addPrivilege(org.com.hrq.entity.sys.privilege.Privilege)
2020-03-05 22:53:04.011  INFO 4464 --- [restartedMain] s.w.s.m.m.a.RequestMappingHandlerMapping : Mapped "{[/api/privilege/deletePrivilege],methods=[POST]}" onto public org.com.hrq.utils.Response org.com.hrq.controller.sys.privilege.PrivilegeController.deletePrivilege(org.com.hrq.req.sys.privilege.PrivilegeReq)
2020-03-05 22:53:04.018  INFO 4464 --- [restartedMain] s.w.s.m.m.a.RequestMappingHandlerMapping : Mapped "{[/api/role/paging],methods=[GET]}" onto public org.com.hrq.utils.Response<com.baomidou.mybatisplus.plugins.Page<org.com.hrq.entity.sys.role.Role>> org.com.hrq.controller.sys.role.RoleController.paging(org.com.hrq.req.sys.role.RoleReq)
2020-03-05 22:53:04.020  INFO 4464 --- [restartedMain] s.w.s.m.m.a.RequestMappingHandlerMapping : Mapped "{[/api/role/updateRole],methods=[POST]}" onto public org.com.hrq.utils.Response org.com.hrq.controller.sys.role.RoleController.updateRole(org.com.hrq.entity.sys.role.Role)
2020-03-05 22:53:04.021  INFO 4464 --- [restartedMain] s.w.s.m.m.a.RequestMappingHandlerMapping : Mapped "{[/api/role/addRole],methods=[POST]}" onto public org.com.hrq.utils.Response org.com.hrq.controller.sys.role.RoleController.addRole(org.com.hrq.entity.sys.role.Role)
2020-03-05 22:53:04.022  INFO 4464 --- [restartedMain] s.w.s.m.m.a.RequestMappingHandlerMapping : Mapped "{[/api/role/deleteRole],methods=[POST]}" onto public org.com.hrq.utils.Response org.com.hrq.controller.sys.role.RoleController.deleteRole(org.com.hrq.req.sys.role.RoleReq)
2020-03-05 22:53:04.027  INFO 4464 --- [restartedMain] s.w.s.m.m.a.RequestMappingHandlerMapping : Mapped "{[/api/user/paging],methods=[GET]}" onto public org.com.hrq.utils.Response<com.baomidou.mybatisplus.plugins.Page<org.com.hrq.entity.sys.user.User>> org.com.hrq.controller.sys.user.UserController.paging(org.com.hrq.req.sys.user.UserReq)
2020-03-05 22:53:04.028  INFO 4464 --- [restartedMain] s.w.s.m.m.a.RequestMappingHandlerMapping : Mapped "{[/api/user/login],methods=[POST]}" onto public org.com.hrq.utils.Response org.com.hrq.controller.sys.user.UserController.login(org.com.hrq.req.sys.user.UserReq,javax.servlet.http.HttpSession)
2020-03-05 22:53:04.029  INFO 4464 --- [restartedMain] s.w.s.m.m.a.RequestMappingHandlerMapping : Mapped "{[/api/user/addUser],methods=[POST]}" onto public org.com.hrq.utils.Response org.com.hrq.controller.sys.user.UserController.addUser(org.com.hrq.entity.sys.user.User)
2020-03-05 22:53:04.030  INFO 4464 --- [restartedMain] s.w.s.m.m.a.RequestMappingHandlerMapping : Mapped "{[/api/user/updateUser],methods=[POST]}" onto public org.com.hrq.utils.Response org.com.hrq.controller.sys.user.UserController.updateUer(org.com.hrq.entity.sys.user.User)
2020-03-05 22:53:04.031  INFO 4464 --- [restartedMain] s.w.s.m.m.a.RequestMappingHandlerMapping : Mapped "{[/api/user/deleteUser],methods=[POST]}" onto public org.com.hrq.utils.Response org.com.hrq.controller.sys.user.UserController.deleteUser(org.com.hrq.req.sys.user.UserReq)
2020-03-05 22:53:04.031  INFO 4464 --- [restartedMain] s.w.s.m.m.a.RequestMappingHandlerMapping : Mapped "{[/api/user/updatePassword],methods=[POST]}" onto public org.com.hrq.utils.Response org.com.hrq.controller.sys.user.UserController.updatePassword(org.com.hrq.req.sys.user.UserReq)
2020-03-05 22:53:04.032  INFO 4464 --- [restartedMain] s.w.s.m.m.a.RequestMappingHandlerMapping : Mapped "{[/api/user/loginOut],methods=[GET]}" onto public org.com.hrq.utils.Response org.com.hrq.controller.sys.user.UserController.loginOut(javax.servlet.http.HttpSession)
2020-03-05 22:53:04.039  INFO 4464 --- [restartedMain] s.w.s.m.m.a.RequestMappingHandlerMapping : Mapped "{[/api/test/user/login],methods=[POST]}" onto public org.com.hrq.utils.Response org.com.hrq.controller.UserTestController.login(java.lang.String,java.lang.String,javax.servlet.http.HttpSession)
2020-03-05 22:53:04.040  INFO 4464 --- [restartedMain] s.w.s.m.m.a.RequestMappingHandlerMapping : Mapped "{[/api/test/user/current-user],methods=[GET]}" onto public org.com.hrq.utils.Response org.com.hrq.controller.UserTestController.login(javax.servlet.http.HttpSession)
2020-03-05 22:53:04.041  INFO 4464 --- [restartedMain] s.w.s.m.m.a.RequestMappingHandlerMapping : Mapped "{[/api/test/user/logout],methods=[GET]}" onto public org.com.hrq.utils.Response org.com.hrq.controller.UserTestController.logout(javax.servlet.http.HttpSession)
2020-03-05 22:53:04.055  INFO 4464 --- [restartedMain] s.w.s.m.m.a.RequestMappingHandlerMapping : Mapped "{[/error]}" onto public org.springframework.http.ResponseEntity<java.util.Map<java.lang.String, java.lang.Object>> org.springframework.boot.autoconfigure.web.servlet.error.BasicErrorController.error(javax.servlet.http.HttpServletRequest)
2020-03-05 22:53:04.056  INFO 4464 --- [restartedMain] s.w.s.m.m.a.RequestMappingHandlerMapping : Mapped "{[/error],produces=[text/html]}" onto public org.springframework.web.servlet.ModelAndView org.springframework.boot.autoconfigure.web.servlet.error.BasicErrorController.errorHtml(javax.servlet.http.HttpServletRequest,javax.servlet.http.HttpServletResponse)
2020-03-05 22:53:04.336  INFO 4464 --- [restartedMain] s.w.s.m.m.a.RequestMappingHandlerAdapter : Looking for @ControllerAdvice: org.springframework.boot.web.servlet.context.AnnotationConfigServletWebServerApplicationContext@749e6030: startup date [Thu Mar 05 22:52:55 CST 2020]; root of context hierarchy
2020-03-05 22:53:05.646  INFO 4464 --- [restartedMain] o.s.b.d.a.OptionalLiveReloadServer       : LiveReload server is running on port 35729
2020-03-05 22:53:05.873  INFO 4464 --- [restartedMain] o.s.j.e.a.AnnotationMBeanExporter        : Registering beans for JMX exposure on startup
2020-03-05 22:53:05.877  INFO 4464 --- [restartedMain] o.s.j.e.a.AnnotationMBeanExporter        : Bean with name 'statFilter' has been autodetected for JMX exposure
2020-03-05 22:53:05.878  INFO 4464 --- [restartedMain] o.s.j.e.a.AnnotationMBeanExporter        : Bean with name 'dataSource' has been autodetected for JMX exposure
2020-03-05 22:53:05.891  INFO 4464 --- [restartedMain] o.s.j.e.a.AnnotationMBeanExporter        : Located MBean 'dataSource': registering with JMX server as MBean [com.alibaba.druid.spring.boot.autoconfigure:name=dataSource,type=DruidDataSourceWrapper]
2020-03-05 22:53:05.895  INFO 4464 --- [restartedMain] o.s.j.e.a.AnnotationMBeanExporter        : Located MBean 'statFilter': registering with JMX server as MBean [com.alibaba.druid.filter.stat:name=statFilter,type=StatFilter]
2020-03-05 22:53:06.077  INFO 4464 --- [restartedMain] o.s.b.w.e.u.UndertowServletWebServer     : Undertow started on port(s) 8080 (http) with context path ''
2020-03-05 22:53:06.086  INFO 4464 --- [restartedMain] org.com.hrq.Application                  : Started Application in 11.353 seconds (JVM running for 12.53)
